2018-05-15 10:50:42 247 [Note] Plugin 'FEDERATED' is disabled.
2018-05-15 10:50:42 247 [Note] InnoDB: Using atomics to ref count buffer pool pages
2018-05-15 10:50:42 247 [Note] InnoDB: The InnoDB memory heap is disabled
2018-05-15 10:50:42 247 [Note] InnoDB: Mutexes and rw_locks use GCC atomic builtins
2018-05-15 10:50:42 247 [Note] InnoDB: Memory barrier is not used
2018-05-15 10:50:42 247 [Note] InnoDB: Compressed tables use zlib 1.2.3
2018-05-15 10:50:42 247 [Note] InnoDB: Using Linux native AIO
2018-05-15 10:50:42 247 [Note] InnoDB: Using CPU crc32 instructions
2018-05-15 10:50:42 247 [Note] InnoDB: Initializing buffer pool, size = 128.0M
2018-05-15 10:50:42 247 [Note] InnoDB: Completed initialization of buffer pool
2018-05-15 10:50:42 247 [ERROR] InnoDB: Unable to lock ./ibdata1, error: 11
2018-05-15 10:50:42 247 [Note] InnoDB: Check that you do not already have another mysqld process using the same InnoDB data or log files.
2018-05-15 10:50:42 247 [Note] InnoDB: Retrying to lock the first data file
2018-05-15 10:50:43 247 [ERROR] InnoDB: Unable to lock ./ibdata1, error: 11
2018-05-15 10:50:43 247 [Note] InnoDB: Check that you do not already have another mysqld process using the same InnoDB data or log files.
2018-05-15 10:50:44 247 [ERROR] InnoDB: Unable to lock ./ibdata1, error: 11
2018-05-15 10:50:44 247 [Note] InnoDB: Check that you do not already have another mysqld process using the same InnoDB data or log files.
2018-05-15 10:50:45 247 [ERROR] InnoDB: Unable to lock ./ibdata1, error: 11
2018-05-15 10:50:45 247 [Note] InnoDB: Check that you do not already have another mysqld process using the same InnoDB data or log files.
2018-05-15 10:50:46 247 [ERROR] InnoDB: Unable to lock ./ibdata1, error: 11
2018-05-15 10:50:46 247 [Note] InnoDB: Check that you do not already have another mysqld process using the same InnoDB data or log files.
2018-05-15 10:50:47 247 [ERROR] InnoDB: Unable to lock ./ibdata1, error: 11
2018-05-15 10:50:47 247 [Note] InnoDB: Check that you do not already have another mysqld process using the same InnoDB data or log files.
2018-05-15 10:50:48 247 [ERROR] InnoDB: Unable to lock ./ibdata1, error: 11
2018-05-15 10:50:48 247 [Note] InnoDB: Check that you do not already have another mysqld process using the same InnoDB data or log files.
2018-05-15 10:50:49 247 [ERROR] InnoDB: Unable to lock ./ibdata1, error: 11
2018-05-15 10:50:49 247 [Note] InnoDB: Check that you do not already have another mysqld process using the same InnoDB data or log files.
2018-05-15 10:50:50 247 [ERROR] InnoDB: Unable to lock ./ibdata1, error: 11
2018-05-15 10:50:50 247 [Note] InnoDB: Check that you do not already have another mysqld process using the same InnoDB data or log files.
2018-05-15 10:50:51 247 [ERROR] InnoDB: Unable to lock ./ibdata1, error: 11
2018-05-15 10:50:51 247 [Note] InnoDB: Check that you do not already have another mysqld process using the same InnoDB data or log files.
2018-05-15 10:50:52 247 [ERROR] InnoDB: Unable to lock ./ibdata1, error: 11
2018-05-15 10:50:52 247 [Note] InnoDB: Check that you do not already have another mysqld process using the same InnoDB data or log files.
2018-05-15 10:50:53 247 [ERROR] InnoDB: Unable to lock ./ibdata1, error: 11
2018-05-15 10:50:53 247 [Note] InnoDB: Check that you do not already have another mysqld process using the same InnoDB data or log files.
2018-05-15 10:50:54 247 [ERROR] InnoDB: Unable to lock ./ibdata1, error: 11
2018-05-15 10:50:54 247 [Note] InnoDB: Check that you do not already have another mysqld process using the same InnoDB data or log files.
2018-05-15 10:50:55 247 [ERROR] InnoDB: Unable to lock ./ibdata1, error: 11
2018-05-15 10:50:55 247 [Note] InnoDB: Check that you do not already have another mysqld process using the same InnoDB data or log files.
2018-05-15 10:50:56 247 [ERROR] InnoDB: Unable to lock ./ibdata1, error: 11
2018-05-15 10:50:56 247 [Note] InnoDB: Check that you do not already have another mysqld process using the same InnoDB data or log files.
2018-05-15 10:50:57 247 [ERROR] InnoDB: Unable to lock ./ibdata1, error: 11
2018-05-15 10:50:57 247 [Note] InnoDB: Check that you do not already have another mysqld process using the same InnoDB data or log files.
2018-05-15 10:50:58 247 [ERROR] InnoDB: Unable to lock ./ibdata1, error: 11
2018-05-15 10:50:58 247 [Note] InnoDB: Check that you do not already have another mysqld process using the same InnoDB data or log files.
2018-05-15 10:50:59 247 [ERROR] InnoDB: Unable to lock ./ibdata1, error: 11
2018-05-15 10:50:59 247 [Note] InnoDB: Check that you do not already have another mysqld process using the same InnoDB data or log files.
2018-05-15 10:51:00 247 [ERROR] InnoDB: Unable to lock ./ibdata1, error: 11
2018-05-15 10:51:00 247 [Note] InnoDB: Check that you do not already have another mysqld process using the same InnoDB data or log files.
2018-05-15 10:51:01 247 [ERROR] InnoDB: Unable to lock ./ibdata1, error: 11
2018-05-15 10:51:01 247 [Note] InnoDB: Check that you do not already have another mysqld process using the same InnoDB data or log files.
2018-05-15 10:51:02 247 [ERROR] InnoDB: Unable to lock ./ibdata1, error: 11
2018-05-15 10:51:02 247 [Note] InnoDB: Check that you do not already have another mysqld process using the same InnoDB data or log files.
2018-05-15 10:51:03 247 [ERROR] InnoDB: Unable to lock ./ibdata1, error: 11
2018-05-15 10:51:03 247 [Note] InnoDB: Check that you do not already have another mysqld process using the same InnoDB data or log files.
2018-05-15 10:51:04 247 [ERROR] InnoDB: Unable to lock ./ibdata1, error: 11
2018-05-15 10:51:04 247 [Note] InnoDB: Check that you do not already have another mysqld process using the same InnoDB data or log files.
2018-05-15 10:51:05 247 [ERROR] InnoDB: Unable to lock ./ibdata1, error: 11
2018-05-15 10:51:05 247 [Note] InnoDB: Check that you do not already have another mysqld process using the same InnoDB data or log files.
2018-05-15 10:51:06 247 [ERROR] InnoDB: Unable to lock ./ibdata1, error: 11
2018-05-15 10:51:06 247 [Note] InnoDB: Check that you do not already have another mysqld process using the same InnoDB data or log files.
2018-05-15 10:51:07 247 [ERROR] InnoDB: Unable to lock ./ibdata1, error: 11
2018-05-15 10:51:07 247 [Note] InnoDB: Check that you do not already have another mysqld process using the same InnoDB data or log files.
2018-05-15 10:51:08 247 [ERROR] InnoDB: Unable to lock ./ibdata1, error: 11
2018-05-15 10:51:08 247 [Note] InnoDB: Check that you do not already have another mysqld process using the same InnoDB data or log files.
2018-05-15 10:51:09 247 [ERROR] InnoDB: Unable to lock ./ibdata1, error: 11
2018-05-15 10:51:09 247 [Note] InnoDB: Check that you do not already have another mysqld process using the same InnoDB data or log files.
2018-05-15 10:51:10 247 [ERROR] InnoDB: Unable to lock ./ibdata1, error: 11
2018-05-15 10:51:10 247 [Note] InnoDB: Check that you do not already have another mysqld process using the same InnoDB data or log files.
2018-05-15 10:51:11 247 [ERROR] InnoDB: Unable to lock ./ibdata1, error: 11
2018-05-15 10:51:11 247 [Note] InnoDB: Check that you do not already have another mysqld process using the same InnoDB data or log files.
2018-05-15 10:51:12 247 [ERROR] InnoDB: Unable to lock ./ibdata1, error: 11
2018-05-15 10:51:12 247 [Note] InnoDB: Check that you do not already have another mysqld process using the same InnoDB data or log files.
2018-05-15 10:51:13 247 [ERROR] InnoDB: Unable to lock ./ibdata1, error: 11
2018-05-15 10:51:13 247 [Note] InnoDB: Check that you do not already have another mysqld process using the same InnoDB data or log files.
2018-05-15 10:51:14 247 [ERROR] InnoDB: Unable to lock ./ibdata1, error: 11
2018-05-15 10:51:14 247 [Note] InnoDB: Check that you do not already have another mysqld process using the same InnoDB data or log files.
2018-05-15 10:51:15 247 [ERROR] InnoDB: Unable to lock ./ibdata1, error: 11
2018-05-15 10:51:15 247 [Note] InnoDB: Check that you do not already have another mysqld process using the same InnoDB data or log files.
2018-05-15 10:51:16 247 [ERROR] InnoDB: Unable to lock ./ibdata1, error: 11
2018-05-15 10:51:16 247 [Note] InnoDB: Check that you do not already have another mysqld process using the same InnoDB data or log files.
2018-05-15 10:51:17 247 [ERROR] InnoDB: Unable to lock ./ibdata1, error: 11
2018-05-15 10:51:17 247 [Note] InnoDB: Check that you do not already have another mysqld process using the same InnoDB data or log files.
2018-05-15 10:51:18 247 [ERROR] InnoDB: Unable to lock ./ibdata1, error: 11
2018-05-15 10:51:18 247 [Note] InnoDB: Check that you do not already have another mysqld process using the same InnoDB data or log files.
2018-05-15 10:51:19 247 [ERROR] InnoDB: Unable to lock ./ibdata1, error: 11
2018-05-15 10:51:19 247 [Note] InnoDB: Check that you do not already have another mysqld process using the same InnoDB data or log files.
2018-05-15 10:51:20 247 [ERROR] InnoDB: Unable to lock ./ibdata1, error: 11
2018-05-15 10:51:20 247 [Note] InnoDB: Check that you do not already have another mysqld process using the same InnoDB data or log files.
2018-05-15 10:51:21 247 [ERROR] InnoDB: Unable to lock ./ibdata1, error: 11
2018-05-15 10:51:21 247 [Note] InnoDB: Check that you do not already have another mysqld process using the same InnoDB data or log files.
2018-05-15 10:51:22 247 [ERROR] InnoDB: Unable to lock ./ibdata1, error: 11
2018-05-15 10:51:22 247 [Note] InnoDB: Check that you do not already have another mysqld process using the same InnoDB data or log files.
2018-05-15 10:51:23 247 [ERROR] InnoDB: Unable to lock ./ibdata1, error: 11
2018-05-15 10:51:23 247 [Note] InnoDB: Check that you do not already have another mysqld process using the same InnoDB data or log files.
2018-05-15 10:51:24 247 [ERROR] InnoDB: Unable to lock ./ibdata1, error: 11
2018-05-15 10:51:24 247 [Note] InnoDB: Check that you do not already have another mysqld process using the same InnoDB data or log files.
2018-05-15 10:51:25 247 [ERROR] InnoDB: Unable to lock ./ibdata1, error: 11
2018-05-15 10:51:25 247 [Note] InnoDB: Check that you do not already have another mysqld process using the same InnoDB data or log files.
2018-05-15 10:51:26 247 [ERROR] InnoDB: Unable to lock ./ibdata1, error: 11
2018-05-15 10:51:26 247 [Note] InnoDB: Check that you do not already have another mysqld process using the same InnoDB data or log files.
2018-05-15 10:51:28 247 [ERROR] InnoDB: Unable to lock ./ibdata1, error: 11
2018-05-15 10:51:28 247 [Note] InnoDB: Check that you do not already have another mysqld process using the same InnoDB data or log files.
2018-05-15 10:51:29 247 [ERROR] InnoDB: Unable to lock ./ibdata1, error: 11
2018-05-15 10:51:29 247 [Note] InnoDB: Check that you do not already have another mysqld process using the same InnoDB data or log files.
2018-05-15 10:51:30 247 [ERROR] InnoDB: Unable to lock ./ibdata1, error: 11
2018-05-15 10:51:30 247 [Note] InnoDB: Check that you do not already have another mysqld process using the same InnoDB data or log files.
2018-05-15 10:51:31 247 [ERROR] InnoDB: Unable to lock ./ibdata1, error: 11
2018-05-15 10:51:31 247 [Note] InnoDB: Check that you do not already have another mysqld process using the same InnoDB data or log files.
2018-05-15 10:51:32 247 [ERROR] InnoDB: Unable to lock ./ibdata1, error: 11
2018-05-15 10:51:32 247 [Note] InnoDB: Check that you do not already have another mysqld process using the same InnoDB data or log files.
2018-05-15 10:51:33 247 [ERROR] InnoDB: Unable to lock ./ibdata1, error: 11
2018-05-15 10:51:33 247 [Note] InnoDB: Check that you do not already have another mysqld process using the same InnoDB data or log files.
2018-05-15 10:51:34 247 [ERROR] InnoDB: Unable to lock ./ibdata1, error: 11
2018-05-15 10:51:34 247 [Note] InnoDB: Check that you do not already have another mysqld process using the same InnoDB data or log files.
2018-05-15 10:51:35 247 [ERROR] InnoDB: Unable to lock ./ibdata1, error: 11
2018-05-15 10:51:35 247 [Note] InnoDB: Check that you do not already have another mysqld process using the same InnoDB data or log files.
2018-05-15 10:51:36 247 [ERROR] InnoDB: Unable to lock ./ibdata1, error: 11
2018-05-15 10:51:36 247 [Note] InnoDB: Check that you do not already have another mysqld process using the same InnoDB data or log files.
2018-05-15 10:51:37 247 [ERROR] InnoDB: Unable to lock ./ibdata1, error: 11
2018-05-15 10:51:37 247 [Note] InnoDB: Check that you do not already have another mysqld process using the same InnoDB data or log files.
2018-05-15 10:51:38 247 [ERROR] InnoDB: Unable to lock ./ibdata1, error: 11
2018-05-15 10:51:38 247 [Note] InnoDB: Check that you do not already have another mysqld process using the same InnoDB data or log files.
2018-05-15 10:51:39 247 [ERROR] InnoDB: Unable to lock ./ibdata1, error: 11
2018-05-15 10:51:39 247 [Note] InnoDB: Check that you do not already have another mysqld process using the same InnoDB data or log files.
2018-05-15 10:51:40 247 [ERROR] InnoDB: Unable to lock ./ibdata1, error: 11
2018-05-15 10:51:40 247 [Note] InnoDB: Check that you do not already have another mysqld process using the same InnoDB data or log files.
2018-05-15 10:51:41 247 [ERROR] InnoDB: Unable to lock ./ibdata1, error: 11
2018-05-15 10:51:41 247 [Note] InnoDB: Check that you do not already have another mysqld process using the same InnoDB data or log files.
2018-05-15 10:51:42 247 [ERROR] InnoDB: Unable to lock ./ibdata1, error: 11
2018-05-15 10:51:42 247 [Note] InnoDB: Check that you do not already have another mysqld process using the same InnoDB data or log files.
2018-05-15 10:51:43 247 [ERROR] InnoDB: Unable to lock ./ibdata1, error: 11
2018-05-15 10:51:43 247 [Note] InnoDB: Check that you do not already have another mysqld process using the same InnoDB data or log files.
2018-05-15 10:51:44 247 [ERROR] InnoDB: Unable to lock ./ibdata1, error: 11
2018-05-15 10:51:44 247 [Note] InnoDB: Check that you do not already have another mysqld process using the same InnoDB data or log files.
2018-05-15 10:51:45 247 [ERROR] InnoDB: Unable to lock ./ibdata1, error: 11
2018-05-15 10:51:45 247 [Note] InnoDB: Check that you do not already have another mysqld process using the same InnoDB data or log files.
2018-05-15 10:51:46 247 [ERROR] InnoDB: Unable to lock ./ibdata1, error: 11
2018-05-15 10:51:46 247 [Note] InnoDB: Check that you do not already have another mysqld process using the same InnoDB data or log files.
2018-05-15 10:51:47 247 [ERROR] InnoDB: Unable to lock ./ibdata1, error: 11
2018-05-15 10:51:47 247 [Note] InnoDB: Check that you do not already have another mysqld process using the same InnoDB data or log files.
2018-05-15 10:51:47 445 [Note] Plugin 'FEDERATED' is disabled.
2018-05-15 10:51:47 445 [Note] InnoDB: Using atomics to ref count buffer pool pages
2018-05-15 10:51:47 445 [Note] InnoDB: The InnoDB memory heap is disabled
2018-05-15 10:51:47 445 [Note] InnoDB: Mutexes and rw_locks use GCC atomic builtins
2018-05-15 10:51:47 445 [Note] InnoDB: Memory barrier is not used
2018-05-15 10:51:47 445 [Note] InnoDB: Compressed tables use zlib 1.2.3
2018-05-15 10:51:47 445 [Note] InnoDB: Using Linux native AIO
2018-05-15 10:51:47 445 [Note] InnoDB: Using CPU crc32 instructions
2018-05-15 10:51:47 445 [Note] InnoDB: Initializing buffer pool, size = 128.0M
2018-05-15 10:51:47 445 [Note] InnoDB: Completed initialization of buffer pool
2018-05-15 10:51:47 445 [ERROR] InnoDB: Unable to lock ./ibdata1, error: 11
2018-05-15 10:51:47 445 [Note] InnoDB: Check that you do not already have another mysqld process using the same InnoDB data or log files.
2018-05-15 10:51:47 445 [Note] InnoDB: Retrying to lock the first data file
2018-05-15 10:51:48 247 [ERROR] InnoDB: Unable to lock ./ibdata1, error: 11
2018-05-15 10:51:48 247 [Note] InnoDB: Check that you do not already have another mysqld process using the same InnoDB data or log files.
2018-05-15 10:51:48 445 [ERROR] InnoDB: Unable to lock ./ibdata1, error: 11
2018-05-15 10:51:48 445 [Note] InnoDB: Check that you do not already have another mysqld process using the same InnoDB data or log files.
2018-05-15 10:51:49 247 [ERROR] InnoDB: Unable to lock ./ibdata1, error: 11
2018-05-15 10:51:49 247 [Note] InnoDB: Check that you do not already have another mysqld process using the same InnoDB data or log files.
2018-05-15 10:51:49 445 [ERROR] InnoDB: Unable to lock ./ibdata1, error: 11
2018-05-15 10:51:49 445 [Note] InnoDB: Check that you do not already have another mysqld process using the same InnoDB data or log files.
2018-05-15 10:51:50 247 [ERROR] InnoDB: Unable to lock ./ibdata1, error: 11
2018-05-15 10:51:50 247 [Note] InnoDB: Check that you do not already have another mysqld process using the same InnoDB data or log files.
2018-05-15 10:51:50 445 [ERROR] InnoDB: Unable to lock ./ibdata1, error: 11
2018-05-15 10:51:50 445 [Note] InnoDB: Check that you do not already have another mysqld process using the same InnoDB data or log files.
2018-05-15 10:51:51 247 [ERROR] InnoDB: Unable to lock ./ibdata1, error: 11
2018-05-15 10:51:51 247 [Note] InnoDB: Check that you do not already have another mysqld process using the same InnoDB data or log files.
2018-05-15 10:51:51 445 [ERROR] InnoDB: Unable to lock ./ibdata1, error: 11
2018-05-15 10:51:51 445 [Note] InnoDB: Check that you do not already have another mysqld process using the same InnoDB data or log files.
2018-05-15 10:51:52 247 [ERROR] InnoDB: Unable to lock ./ibdata1, error: 11
2018-05-15 10:51:52 247 [Note] InnoDB: Check that you do not already have another mysqld process using the same InnoDB data or log files.
2018-05-15 10:51:52 445 [ERROR] InnoDB: Unable to lock ./ibdata1, error: 11
2018-05-15 10:51:52 445 [Note] InnoDB: Check that you do not already have another mysqld process using the same InnoDB data or log files.
2018-05-15 10:51:53 247 [ERROR] InnoDB: Unable to lock ./ibdata1, error: 11
2018-05-15 10:51:53 247 [Note] InnoDB: Check that you do not already have another mysqld process using the same InnoDB data or log files.
2018-05-15 10:51:53 445 [ERROR] InnoDB: Unable to lock ./ibdata1, error: 11
2018-05-15 10:51:53 445 [Note] InnoDB: Check that you do not already have another mysqld process using the same InnoDB data or log files.
2018-05-15 10:51:54 247 [ERROR] InnoDB: Unable to lock ./ibdata1, error: 11
2018-05-15 10:51:54 247 [Note] InnoDB: Check that you do not already have another mysqld process using the same InnoDB data or log files.
2018-05-15 10:51:54 445 [ERROR] InnoDB: Unable to lock ./ibdata1, error: 11
2018-05-15 10:51:54 445 [Note] InnoDB: Check that you do not already have another mysqld process using the same InnoDB data or log files.
2018-05-15 10:51:55 247 [ERROR] InnoDB: Unable to lock ./ibdata1, error: 11
2018-05-15 10:51:55 247 [Note] InnoDB: Check that you do not already have another mysqld process using the same InnoDB data or log files.
2018-05-15 10:51:55 445 [ERROR] InnoDB: Unable to lock ./ibdata1, error: 11
2018-05-15 10:51:55 445 [Note] InnoDB: Check that you do not already have another mysqld process using the same InnoDB data or log files.
2018-05-15 10:51:56 247 [ERROR] InnoDB: Unable to lock ./ibdata1, error: 11
2018-05-15 10:51:56 247 [Note] InnoDB: Check that you do not already have another mysqld process using the same InnoDB data or log files.
2018-05-15 10:51:56 445 [ERROR] InnoDB: Unable to lock ./ibdata1, error: 11
2018-05-15 10:51:56 445 [Note] InnoDB: Check that you do not already have another mysqld process using the same InnoDB data or log files.
2018-05-15 10:51:57 247 [ERROR] InnoDB: Unable to lock ./ibdata1, error: 11
2018-05-15 10:51:57 247 [Note] InnoDB: Check that you do not already have another mysqld process using the same InnoDB data or log files.
2018-05-15 10:51:57 445 [ERROR] InnoDB: Unable to lock ./ibdata1, error: 11
2018-05-15 10:51:57 445 [Note] InnoDB: Check that you do not already have another mysqld process using the same InnoDB data or log files.
2018-05-15 10:51:58 247 [ERROR] InnoDB: Unable to lock ./ibdata1, error: 11
2018-05-15 10:51:58 247 [Note] InnoDB: Check that you do not already have another mysqld process using the same InnoDB data or log files.
2018-05-15 10:51:58 445 [ERROR] InnoDB: Unable to lock ./ibdata1, error: 11
2018-05-15 10:51:58 445 [Note] InnoDB: Check that you do not already have another mysqld process using the same InnoDB data or log files.
2018-05-15 10:51:59 247 [ERROR] InnoDB: Unable to lock ./ibdata1, error: 11
2018-05-15 10:51:59 247 [Note] InnoDB: Check that you do not already have another mysqld process using the same InnoDB data or log files.
2018-05-15 10:51:59 445 [ERROR] InnoDB: Unable to lock ./ibdata1, error: 11
2018-05-15 10:51:59 445 [Note] InnoDB: Check that you do not already have another mysqld process using the same InnoDB data or log files.
2018-05-15 10:52:00 247 [ERROR] InnoDB: Unable to lock ./ibdata1, error: 11
2018-05-15 10:52:00 247 [Note] InnoDB: Check that you do not already have another mysqld process using the same InnoDB data or log files.
2018-05-15 10:52:00 445 [ERROR] InnoDB: Unable to lock ./ibdata1, error: 11
2018-05-15 10:52:00 445 [Note] InnoDB: Check that you do not already have another mysqld process using the same InnoDB data or log files.
2018-05-15 10:52:01 247 [ERROR] InnoDB: Unable to lock ./ibdata1, error: 11
2018-05-15 10:52:01 247 [Note] InnoDB: Check that you do not already have another mysqld process using the same InnoDB data or log files.
2018-05-15 10:52:01 445 [ERROR] InnoDB: Unable to lock ./ibdata1, error: 11
2018-05-15 10:52:01 445 [Note] InnoDB: Check that you do not already have another mysqld process using the same InnoDB data or log files.
2018-05-15 10:52:02 247 [ERROR] InnoDB: Unable to lock ./ibdata1, error: 11
2018-05-15 10:52:02 247 [Note] InnoDB: Check that you do not already have another mysqld process using the same InnoDB data or log files.
2018-05-15 10:52:02 445 [ERROR] InnoDB: Unable to lock ./ibdata1, error: 11
2018-05-15 10:52:02 445 [Note] InnoDB: Check that you do not already have another mysqld process using the same InnoDB data or log files.
2018-05-15 10:52:03 247 [ERROR] InnoDB: Unable to lock ./ibdata1, error: 11
2018-05-15 10:52:03 247 [Note] InnoDB: Check that you do not already have another mysqld process using the same InnoDB data or log files.
2018-05-15 10:52:03 445 [ERROR] InnoDB: Unable to lock ./ibdata1, error: 11
2018-05-15 10:52:03 445 [Note] InnoDB: Check that you do not already have another mysqld process using the same InnoDB data or log files.
2018-05-15 10:52:04 247 [ERROR] InnoDB: Unable to lock ./ibdata1, error: 11
2018-05-15 10:52:04 247 [Note] InnoDB: Check that you do not already have another mysqld process using the same InnoDB data or log files.
2018-05-15 10:52:04 445 [ERROR] InnoDB: Unable to lock ./ibdata1, error: 11
2018-05-15 10:52:04 445 [Note] InnoDB: Check that you do not already have another mysqld process using the same InnoDB data or log files.
2018-05-15 10:52:05 247 [ERROR] InnoDB: Unable to lock ./ibdata1, error: 11
2018-05-15 10:52:05 247 [Note] InnoDB: Check that you do not already have another mysqld process using the same InnoDB data or log files.
2018-05-15 10:52:05 445 [ERROR] InnoDB: Unable to lock ./ibdata1, error: 11
2018-05-15 10:52:05 445 [Note] InnoDB: Check that you do not already have another mysqld process using the same InnoDB data or log files.
2018-05-15 10:52:06 247 [ERROR] InnoDB: Unable to lock ./ibdata1, error: 11
2018-05-15 10:52:06 247 [Note] InnoDB: Check that you do not already have another mysqld process using the same InnoDB data or log files.
2018-05-15 10:52:06 445 [ERROR] InnoDB: Unable to lock ./ibdata1, error: 11
2018-05-15 10:52:06 445 [Note] InnoDB: Check that you do not already have another mysqld process using the same InnoDB data or log files.
2018-05-15 10:52:07 247 [ERROR] InnoDB: Unable to lock ./ibdata1, error: 11
2018-05-15 10:52:07 247 [Note] InnoDB: Check that you do not already have another mysqld process using the same InnoDB data or log files.
2018-05-15 10:52:07 445 [ERROR] InnoDB: Unable to lock ./ibdata1, error: 11
2018-05-15 10:52:07 445 [Note] InnoDB: Check that you do not already have another mysqld process using the same InnoDB data or log files.
2018-05-15 10:52:08 247 [ERROR] InnoDB: Unable to lock ./ibdata1, error: 11
2018-05-15 10:52:08 247 [Note] InnoDB: Check that you do not already have another mysqld process using the same InnoDB data or log files.
2018-05-15 10:52:08 445 [ERROR] InnoDB: Unable to lock ./ibdata1, error: 11
2018-05-15 10:52:08 445 [Note] InnoDB: Check that you do not already have another mysqld process using the same InnoDB data or log files.
2018-05-15 10:52:09 247 [ERROR] InnoDB: Unable to lock ./ibdata1, error: 11
2018-05-15 10:52:09 247 [Note] InnoDB: Check that you do not already have another mysqld process using the same InnoDB data or log files.
2018-05-15 10:52:09 445 [ERROR] InnoDB: Unable to lock ./ibdata1, error: 11
2018-05-15 10:52:09 445 [Note] InnoDB: Check that you do not already have another mysqld process using the same InnoDB data or log files.
2018-05-15 10:52:10 247 [ERROR] InnoDB: Unable to lock ./ibdata1, error: 11
2018-05-15 10:52:10 247 [Note] InnoDB: Check that you do not already have another mysqld process using the same InnoDB data or log files.
2018-05-15 10:52:10 445 [ERROR] InnoDB: Unable to lock ./ibdata1, error: 11
2018-05-15 10:52:10 445 [Note] InnoDB: Check that you do not already have another mysqld process using the same InnoDB data or log files.
2018-05-15 10:52:11 247 [ERROR] InnoDB: Unable to lock ./ibdata1, error: 11
2018-05-15 10:52:11 247 [Note] InnoDB: Check that you do not already have another mysqld process using the same InnoDB data or log files.
2018-05-15 10:52:11 445 [ERROR] InnoDB: Unable to lock ./ibdata1, error: 11
2018-05-15 10:52:11 445 [Note] InnoDB: Check that you do not already have another mysqld process using the same InnoDB data or log files.
2018-05-15 10:52:12 247 [ERROR] InnoDB: Unable to lock ./ibdata1, error: 11
2018-05-15 10:52:12 247 [Note] InnoDB: Check that you do not already have another mysqld process using the same InnoDB data or log files.
2018-05-15 10:52:12 445 [ERROR] InnoDB: Unable to lock ./ibdata1, error: 11
2018-05-15 10:52:12 445 [Note] InnoDB: Check that you do not already have another mysqld process using the same InnoDB data or log files.
2018-05-15 10:52:13 247 [ERROR] InnoDB: Unable to lock ./ibdata1, error: 11
2018-05-15 10:52:13 247 [Note] InnoDB: Check that you do not already have another mysqld process using the same InnoDB data or log files.
2018-05-15 10:52:13 445 [ERROR] InnoDB: Unable to lock ./ibdata1, error: 11
2018-05-15 10:52:13 445 [Note] InnoDB: Check that you do not already have another mysqld process using the same InnoDB data or log files.
2018-05-15 10:52:14 247 [ERROR] InnoDB: Unable to lock ./ibdata1, error: 11
2018-05-15 10:52:14 247 [Note] InnoDB: Check that you do not already have another mysqld process using the same InnoDB data or log files.
2018-05-15 10:52:14 445 [ERROR] InnoDB: Unable to lock ./ibdata1, error: 11
2018-05-15 10:52:14 445 [Note] InnoDB: Check that you do not already have another mysqld process using the same InnoDB data or log files.
2018-05-15 10:52:15 247 [ERROR] InnoDB: Unable to lock ./ibdata1, error: 11
2018-05-15 10:52:15 247 [Note] InnoDB: Check that you do not already have another mysqld process using the same InnoDB data or log files.
2018-05-15 10:52:15 445 [ERROR] InnoDB: Unable to lock ./ibdata1, error: 11
2018-05-15 10:52:15 445 [Note] InnoDB: Check that you do not already have another mysqld process using the same InnoDB data or log files.
2018-05-15 10:52:16 247 [ERROR] InnoDB: Unable to lock ./ibdata1, error: 11
2018-05-15 10:52:16 247 [Note] InnoDB: Check that you do not already have another mysqld process using the same InnoDB data or log files.
2018-05-15 10:52:16 445 [ERROR] InnoDB: Unable to lock ./ibdata1, error: 11
2018-05-15 10:52:16 445 [Note] InnoDB: Check that you do not already have another mysqld process using the same InnoDB data or log files.
2018-05-15 10:52:17 247 [ERROR] InnoDB: Unable to lock ./ibdata1, error: 11
2018-05-15 10:52:17 247 [Note] InnoDB: Check that you do not already have another mysqld process using the same InnoDB data or log files.
2018-05-15 10:52:17 445 [ERROR] InnoDB: Unable to lock ./ibdata1, error: 11
2018-05-15 10:52:17 445 [Note] InnoDB: Check that you do not already have another mysqld process using the same InnoDB data or log files.
2018-05-15 10:52:18 247 [ERROR] InnoDB: Unable to lock ./ibdata1, error: 11
2018-05-15 10:52:18 247 [Note] InnoDB: Check that you do not already have another mysqld process using the same InnoDB data or log files.
2018-05-15 10:52:18 445 [ERROR] InnoDB: Unable to lock ./ibdata1, error: 11
2018-05-15 10:52:18 445 [Note] InnoDB: Check that you do not already have another mysqld process using the same InnoDB data or log files.
2018-05-15 10:52:19 247 [ERROR] InnoDB: Unable to lock ./ibdata1, error: 11
2018-05-15 10:52:19 247 [Note] InnoDB: Check that you do not already have another mysqld process using the same InnoDB data or log files.
2018-05-15 10:52:19 445 [ERROR] InnoDB: Unable to lock ./ibdata1, error: 11
2018-05-15 10:52:19 445 [Note] InnoDB: Check that you do not already have another mysqld process using the same InnoDB data or log files.
2018-05-15 10:52:20 247 [ERROR] InnoDB: Unable to lock ./ibdata1, error: 11
2018-05-15 10:52:20 247 [Note] InnoDB: Check that you do not already have another mysqld process using the same InnoDB data or log files.
2018-05-15 10:52:20 445 [ERROR] InnoDB: Unable to lock ./ibdata1, error: 11
2018-05-15 10:52:20 445 [Note] InnoDB: Check that you do not already have another mysqld process using the same InnoDB data or log files.
2018-05-15 10:52:21 247 [ERROR] InnoDB: Unable to lock ./ibdata1, error: 11
2018-05-15 10:52:21 247 [Note] InnoDB: Check that you do not already have another mysqld process using the same InnoDB data or log files.
2018-05-15 10:52:21 445 [ERROR] InnoDB: Unable to lock ./ibdata1, error: 11
2018-05-15 10:52:21 445 [Note] InnoDB: Check that you do not already have another mysqld process using the same InnoDB data or log files.
2018-05-15 10:52:22 247 [ERROR] InnoDB: Unable to lock ./ibdata1, error: 11
2018-05-15 10:52:22 247 [Note] InnoDB: Check that you do not already have another mysqld process using the same InnoDB data or log files.
2018-05-15 10:52:22 445 [ERROR] InnoDB: Unable to lock ./ibdata1, error: 11
2018-05-15 10:52:22 445 [Note] InnoDB: Check that you do not already have another mysqld process using the same InnoDB data or log files.
2018-05-15 10:52:23 247 [ERROR] InnoDB: Unable to lock ./ibdata1, error: 11
2018-05-15 10:52:23 247 [Note] InnoDB: Check that you do not already have another mysqld process using the same InnoDB data or log files.
2018-05-15 10:52:23 247 [Note] InnoDB: Unable to open the first data file
2018-05-15 10:52:23 7fc46bc8d5c0  InnoDB: Operating system error number 11 in a file operation.
InnoDB: Error number 11 means 'Resource temporarily unavailable'.
InnoDB: Some operating system error numbers are described at
InnoDB: http://dev.mysql.com/doc/refman/5.6/en/operating-system-error-codes.html
2018-05-15 10:52:23 247 [ERROR] InnoDB: Can't open './ibdata1'
2018-05-15 10:52:23 247 [ERROR] InnoDB: Could not open or create the system tablespace. If you tried to add new data files to the system tablespace, and it failed here, you should now edit innodb_data_file_path in my.cnf back to what it was, and remove the new ibdata files InnoDB created in this failed attempt. InnoDB only wrote those files full of zeros, but did not yet use them in any way. But be careful: do not remove old data files which contain your precious data!
2018-05-15 10:52:23 247 [ERROR] Plugin 'InnoDB' init function returned error.
2018-05-15 10:52:23 247 [ERROR] Plugin 'InnoDB' registration as a STORAGE ENGINE failed.
2018-05-15 10:52:23 247 [ERROR] Unknown/unsupported storage engine: InnoDB
2018-05-15 10:52:23 247 [ERROR] Aborting

2018-05-15 10:52:23 247 [Note] Binlog end
2018-05-15 10:52:23 247 [Note] Shutting down plugin 'partition'
2018-05-15 10:52:23 247 [Note] Shutting down plugin 'PERFORMANCE_SCHEMA'
2018-05-15 10:52:23 247 [Note] Shutting down plugin 'INNODB_SYS_DATAFILES'
2018-05-15 10:52:23 247 [Note] Shutting down plugin 'INNODB_SYS_TABLESPACES'
2018-05-15 10:52:23 247 [Note] Shutting down plugin 'INNODB_SYS_FOREIGN_COLS'
2018-05-15 10:52:23 247 [Note] Shutting down plugin 'INNODB_SYS_FOREIGN'
2018-05-15 10:52:23 247 [Note] Shutting down plugin 'INNODB_SYS_FIELDS'
2018-05-15 10:52:23 247 [Note] Shutting down plugin 'INNODB_SYS_COLUMNS'
2018-05-15 10:52:23 247 [Note] Shutting down plugin 'INNODB_SYS_INDEXES'
2018-05-15 10:52:23 247 [Note] Shutting down plugin 'INNODB_SYS_TABLESTATS'
2018-05-15 10:52:23 247 [Note] Shutting down plugin 'INNODB_SYS_TABLES'
2018-05-15 10:52:23 247 [Note] Shutting down plugin 'INNODB_FT_INDEX_TABLE'
2018-05-15 10:52:23 247 [Note] Shutting down plugin 'INNODB_FT_INDEX_CACHE'
2018-05-15 10:52:23 247 [Note] Shutting down plugin 'INNODB_FT_CONFIG'
2018-05-15 10:52:23 247 [Note] Shutting down plugin 'INNODB_FT_BEING_DELETED'
2018-05-15 10:52:23 247 [Note] Shutting down plugin 'INNODB_FT_DELETED'
2018-05-15 10:52:23 247 [Note] Shutting down plugin 'INNODB_FT_DEFAULT_STOPWORD'
2018-05-15 10:52:23 247 [Note] Shutting down plugin 'INNODB_METRICS'
2018-05-15 10:52:23 247 [Note] Shutting down plugin 'INNODB_BUFFER_POOL_STATS'
2018-05-15 10:52:23 247 [Note] Shutting down plugin 'INNODB_BUFFER_PAGE_LRU'
2018-05-15 10:52:23 247 [Note] Shutting down plugin 'INNODB_BUFFER_PAGE'
2018-05-15 10:52:23 247 [Note] Shutting down plugin 'INNODB_CMP_PER_INDEX_RESET'
2018-05-15 10:52:23 247 [Note] Shutting down plugin 'INNODB_CMP_PER_INDEX'
2018-05-15 10:52:23 247 [Note] Shutting down plugin 'INNODB_CMPMEM_RESET'
2018-05-15 10:52:23 247 [Note] Shutting down plugin 'INNODB_CMPMEM'
2018-05-15 10:52:23 247 [Note] Shutting down plugin 'INNODB_CMP_RESET'
2018-05-15 10:52:23 247 [Note] Shutting down plugin 'INNODB_CMP'
2018-05-15 10:52:23 247 [Note] Shutting down plugin 'INNODB_LOCK_WAITS'
2018-05-15 10:52:23 247 [Note] Shutting down plugin 'INNODB_LOCKS'
2018-05-15 10:52:23 247 [Note] Shutting down plugin 'INNODB_TRX'
2018-05-15 10:52:23 247 [Note] Shutting down plugin 'BLACKHOLE'
2018-05-15 10:52:23 247 [Note] Shutting down plugin 'ARCHIVE'
2018-05-15 10:52:23 247 [Note] Shutting down plugin 'MRG_MYISAM'
2018-05-15 10:52:23 247 [Note] Shutting down plugin 'MyISAM'
2018-05-15 10:52:23 247 [Note] Shutting down plugin 'MEMORY'
2018-05-15 10:52:23 247 [Note] Shutting down plugin 'CSV'
2018-05-15 10:52:23 247 [Note] Shutting down plugin 'sha256_password'
2018-05-15 10:52:23 247 [Note] Shutting down plugin 'mysql_old_password'
2018-05-15 10:52:23 247 [Note] Shutting down plugin 'mysql_native_password'
2018-05-15 10:52:23 247 [Note] Shutting down plugin 'binlog'
2018-05-15 10:52:23 247 [Note] /usr/sbin/mysqld: Shutdown complete

2018-05-15 10:52:23 445 [ERROR] InnoDB: Unable to lock ./ibdata1, error: 11
2018-05-15 10:52:23 445 [Note] InnoDB: Check that you do not already have another mysqld process using the same InnoDB data or log files.
2018-05-15 10:52:24 445 [ERROR] InnoDB: Unable to lock ./ibdata1, error: 11
2018-05-15 10:52:24 445 [Note] InnoDB: Check that you do not already have another mysqld process using the same InnoDB data or log files.
2018-05-15 10:52:25 445 [ERROR] InnoDB: Unable to lock ./ibdata1, error: 11
2018-05-15 10:52:25 445 [Note] InnoDB: Check that you do not already have another mysqld process using the same InnoDB data or log files.
2018-05-15 10:52:26 445 [ERROR] InnoDB: Unable to lock ./ibdata1, error: 11
2018-05-15 10:52:26 445 [Note] InnoDB: Check that you do not already have another mysqld process using the same InnoDB data or log files.
2018-05-15 10:52:27 445 [ERROR] InnoDB: Unable to lock ./ibdata1, error: 11
2018-05-15 10:52:27 445 [Note] InnoDB: Check that you do not already have another mysqld process using the same InnoDB data or log files.
2018-05-15 10:52:28 445 [ERROR] InnoDB: Unable to lock ./ibdata1, error: 11
2018-05-15 10:52:28 445 [Note] InnoDB: Check that you do not already have another mysqld process using the same InnoDB data or log files.
2018-05-15 10:52:29 445 [ERROR] InnoDB: Unable to lock ./ibdata1, error: 11
2018-05-15 10:52:29 445 [Note] InnoDB: Check that you do not already have another mysqld process using the same InnoDB data or log files.
2018-05-15 10:52:30 445 [ERROR] InnoDB: Unable to lock ./ibdata1, error: 11
2018-05-15 10:52:30 445 [Note] InnoDB: Check that you do not already have another mysqld process using the same InnoDB data or log files.
2018-05-15 10:52:31 445 [ERROR] InnoDB: Unable to lock ./ibdata1, error: 11
2018-05-15 10:52:31 445 [Note] InnoDB: Check that you do not already have another mysqld process using the same InnoDB data or log files.
2018-05-15 10:52:32 445 [ERROR] InnoDB: Unable to lock ./ibdata1, error: 11
2018-05-15 10:52:32 445 [Note] InnoDB: Check that you do not already have another mysqld process using the same InnoDB data or log files.
2018-05-15 10:52:33 445 [ERROR] InnoDB: Unable to lock ./ibdata1, error: 11
2018-05-15 10:52:33 445 [Note] InnoDB: Check that you do not already have another mysqld process using the same InnoDB data or log files.
2018-05-15 10:52:34 445 [ERROR] InnoDB: Unable to lock ./ibdata1, error: 11
2018-05-15 10:52:34 445 [Note] InnoDB: Check that you do not already have another mysqld process using the same InnoDB data or log files.
2018-05-15 10:52:35 445 [ERROR] InnoDB: Unable to lock ./ibdata1, error: 11
2018-05-15 10:52:35 445 [Note] InnoDB: Check that you do not already have another mysqld process using the same InnoDB data or log files.
2018-05-15 10:52:36 445 [ERROR] InnoDB: Unable to lock ./ibdata1, error: 11
2018-05-15 10:52:36 445 [Note] InnoDB: Check that you do not already have another mysqld process using the same InnoDB data or log files.
2018-05-15 10:52:37 445 [ERROR] InnoDB: Unable to lock ./ibdata1, error: 11
2018-05-15 10:52:37 445 [Note] InnoDB: Check that you do not already have another mysqld process using the same InnoDB data or log files.
2018-05-15 10:52:38 445 [ERROR] InnoDB: Unable to lock ./ibdata1, error: 11
2018-05-15 10:52:38 445 [Note] InnoDB: Check that you do not already have another mysqld process using the same InnoDB data or log files.
2018-05-15 10:52:39 445 [ERROR] InnoDB: Unable to lock ./ibdata1, error: 11
2018-05-15 10:52:39 445 [Note] InnoDB: Check that you do not already have another mysqld process using the same InnoDB data or log files.
2018-05-15 10:52:40 445 [ERROR] InnoDB: Unable to lock ./ibdata1, error: 11
2018-05-15 10:52:40 445 [Note] InnoDB: Check that you do not already have another mysqld process using the same InnoDB data or log files.
2018-05-15 10:52:41 445 [ERROR] InnoDB: Unable to lock ./ibdata1, error: 11
2018-05-15 10:52:41 445 [Note] InnoDB: Check that you do not already have another mysqld process using the same InnoDB data or log files.
2018-05-15 10:52:42 445 [ERROR] InnoDB: Unable to lock ./ibdata1, error: 11
2018-05-15 10:52:42 445 [Note] InnoDB: Check that you do not already have another mysqld process using the same InnoDB data or log files.
2018-05-15 10:52:43 445 [ERROR] InnoDB: Unable to lock ./ibdata1, error: 11
2018-05-15 10:52:43 445 [Note] InnoDB: Check that you do not already have another mysqld process using the same InnoDB data or log files.
2018-05-15 10:52:44 445 [ERROR] InnoDB: Unable to lock ./ibdata1, error: 11
2018-05-15 10:52:44 445 [Note] InnoDB: Check that you do not already have another mysqld process using the same InnoDB data or log files.
2018-05-15 10:52:45 445 [ERROR] InnoDB: Unable to lock ./ibdata1, error: 11
2018-05-15 10:52:45 445 [Note] InnoDB: Check that you do not already have another mysqld process using the same InnoDB data or log files.
2018-05-15 10:52:46 445 [ERROR] InnoDB: Unable to lock ./ibdata1, error: 11
2018-05-15 10:52:46 445 [Note] InnoDB: Check that you do not already have another mysqld process using the same InnoDB data or log files.
2018-05-15 10:52:47 445 [ERROR] InnoDB: Unable to lock ./ibdata1, error: 11
2018-05-15 10:52:47 445 [Note] InnoDB: Check that you do not already have another mysqld process using the same InnoDB data or log files.
2018-05-15 10:52:48 445 [ERROR] InnoDB: Unable to lock ./ibdata1, error: 11
2018-05-15 10:52:48 445 [Note] InnoDB: Check that you do not already have another mysqld process using the same InnoDB data or log files.
2018-05-15 10:52:49 445 [ERROR] InnoDB: Unable to lock ./ibdata1, error: 11
2018-05-15 10:52:49 445 [Note] InnoDB: Check that you do not already have another mysqld process using the same InnoDB data or log files.
2018-05-15 10:52:50 445 [ERROR] InnoDB: Unable to lock ./ibdata1, error: 11
2018-05-15 10:52:50 445 [Note] InnoDB: Check that you do not already have another mysqld process using the same InnoDB data or log files.
2018-05-15 10:52:51 445 [ERROR] InnoDB: Unable to lock ./ibdata1, error: 11
2018-05-15 10:52:51 445 [Note] InnoDB: Check that you do not already have another mysqld process using the same InnoDB data or log files.
2018-05-15 10:52:52 445 [ERROR] InnoDB: Unable to lock ./ibdata1, error: 11
2018-05-15 10:52:52 445 [Note] InnoDB: Check that you do not already have another mysqld process using the same InnoDB data or log files.
2018-05-15 10:52:53 445 [ERROR] InnoDB: Unable to lock ./ibdata1, error: 11
2018-05-15 10:52:53 445 [Note] InnoDB: Check that you do not already have another mysqld process using the same InnoDB data or log files.
2018-05-15 10:52:54 445 [ERROR] InnoDB: Unable to lock ./ibdata1, error: 11
2018-05-15 10:52:54 445 [Note] InnoDB: Check that you do not already have another mysqld process using the same InnoDB data or log files.
2018-05-15 10:52:55 445 [ERROR] InnoDB: Unable to lock ./ibdata1, error: 11
2018-05-15 10:52:55 445 [Note] InnoDB: Check that you do not already have another mysqld process using the same InnoDB data or log files.
2018-05-15 10:52:56 445 [ERROR] InnoDB: Unable to lock ./ibdata1, error: 11
2018-05-15 10:52:56 445 [Note] InnoDB: Check that you do not already have another mysqld process using the same InnoDB data or log files.
2018-05-15 10:52:57 445 [ERROR] InnoDB: Unable to lock ./ibdata1, error: 11
2018-05-15 10:52:57 445 [Note] InnoDB: Check that you do not already have another mysqld process using the same InnoDB data or log files.
2018-05-15 10:52:58 445 [ERROR] InnoDB: Unable to lock ./ibdata1, error: 11
2018-05-15 10:52:58 445 [Note] InnoDB: Check that you do not already have another mysqld process using the same InnoDB data or log files.
2018-05-15 10:52:59 445 [ERROR] InnoDB: Unable to lock ./ibdata1, error: 11
2018-05-15 10:52:59 445 [Note] InnoDB: Check that you do not already have another mysqld process using the same InnoDB data or log files.
2018-05-15 10:53:00 445 [ERROR] InnoDB: Unable to lock ./ibdata1, error: 11
2018-05-15 10:53:00 445 [Note] InnoDB: Check that you do not already have another mysqld process using the same InnoDB data or log files.
2018-05-15 10:53:01 445 [ERROR] InnoDB: Unable to lock ./ibdata1, error: 11
2018-05-15 10:53:01 445 [Note] InnoDB: Check that you do not already have another mysqld process using the same InnoDB data or log files.
2018-05-15 10:53:02 445 [ERROR] InnoDB: Unable to lock ./ibdata1, error: 11
2018-05-15 10:53:02 445 [Note] InnoDB: Check that you do not already have another mysqld process using the same InnoDB data or log files.
2018-05-15 10:53:03 445 [ERROR] InnoDB: Unable to lock ./ibdata1, error: 11
2018-05-15 10:53:03 445 [Note] InnoDB: Check that you do not already have another mysqld process using the same InnoDB data or log files.
2018-05-15 10:53:04 445 [ERROR] InnoDB: Unable to lock ./ibdata1, error: 11
2018-05-15 10:53:04 445 [Note] InnoDB: Check that you do not already have another mysqld process using the same InnoDB data or log files.
2018-05-15 10:53:05 445 [ERROR] InnoDB: Unable to lock ./ibdata1, error: 11
2018-05-15 10:53:05 445 [Note] InnoDB: Check that you do not already have another mysqld process using the same InnoDB data or log files.
2018-05-15 10:53:06 445 [ERROR] InnoDB: Unable to lock ./ibdata1, error: 11
2018-05-15 10:53:06 445 [Note] InnoDB: Check that you do not already have another mysqld process using the same InnoDB data or log files.
2018-05-15 10:53:07 445 [ERROR] InnoDB: Unable to lock ./ibdata1, error: 11
2018-05-15 10:53:07 445 [Note] InnoDB: Check that you do not already have another mysqld process using the same InnoDB data or log files.
2018-05-15 10:53:08 445 [ERROR] InnoDB: Unable to lock ./ibdata1, error: 11
2018-05-15 10:53:08 445 [Note] InnoDB: Check that you do not already have another mysqld process using the same InnoDB data or log files.
2018-05-15 10:53:09 445 [ERROR] InnoDB: Unable to lock ./ibdata1, error: 11
2018-05-15 10:53:09 445 [Note] InnoDB: Check that you do not already have another mysqld process using the same InnoDB data or log files.
2018-05-15 10:53:10 445 [ERROR] InnoDB: Unable to lock ./ibdata1, error: 11
2018-05-15 10:53:10 445 [Note] InnoDB: Check that you do not already have another mysqld process using the same InnoDB data or log files.
2018-05-15 10:53:11 445 [ERROR] InnoDB: Unable to lock ./ibdata1, error: 11
2018-05-15 10:53:11 445 [Note] InnoDB: Check that you do not already have another mysqld process using the same InnoDB data or log files.
2018-05-15 10:53:12 445 [ERROR] InnoDB: Unable to lock ./ibdata1, error: 11
2018-05-15 10:53:12 445 [Note] InnoDB: Check that you do not already have another mysqld process using the same InnoDB data or log files.
2018-05-15 10:53:13 445 [ERROR] InnoDB: Unable to lock ./ibdata1, error: 11
2018-05-15 10:53:13 445 [Note] InnoDB: Check that you do not already have another mysqld process using the same InnoDB data or log files.
2018-05-15 10:53:14 445 [ERROR] InnoDB: Unable to lock ./ibdata1, error: 11
2018-05-15 10:53:14 445 [Note] InnoDB: Check that you do not already have another mysqld process using the same InnoDB data or log files.
2018-05-15 10:53:15 445 [ERROR] InnoDB: Unable to lock ./ibdata1, error: 11
2018-05-15 10:53:15 445 [Note] InnoDB: Check that you do not already have another mysqld process using the same InnoDB data or log files.
2018-05-15 10:53:16 445 [ERROR] InnoDB: Unable to lock ./ibdata1, error: 11
2018-05-15 10:53:16 445 [Note] InnoDB: Check that you do not already have another mysqld process using the same InnoDB data or log files.
2018-05-15 10:53:17 445 [ERROR] InnoDB: Unable to lock ./ibdata1, error: 11
2018-05-15 10:53:17 445 [Note] InnoDB: Check that you do not already have another mysqld process using the same InnoDB data or log files.
2018-05-15 10:53:18 445 [ERROR] InnoDB: Unable to lock ./ibdata1, error: 11
2018-05-15 10:53:18 445 [Note] InnoDB: Check that you do not already have another mysqld process using the same InnoDB data or log files.
2018-05-15 10:53:19 445 [ERROR] InnoDB: Unable to lock ./ibdata1, error: 11
2018-05-15 10:53:19 445 [Note] InnoDB: Check that you do not already have another mysqld process using the same InnoDB data or log files.
2018-05-15 10:53:20 445 [ERROR] InnoDB: Unable to lock ./ibdata1, error: 11
2018-05-15 10:53:20 445 [Note] InnoDB: Check that you do not already have another mysqld process using the same InnoDB data or log files.
2018-05-15 10:53:21 445 [ERROR] InnoDB: Unable to lock ./ibdata1, error: 11
2018-05-15 10:53:21 445 [Note] InnoDB: Check that you do not already have another mysqld process using the same InnoDB data or log files.
2018-05-15 10:53:22 445 [ERROR] InnoDB: Unable to lock ./ibdata1, error: 11
2018-05-15 10:53:22 445 [Note] InnoDB: Check that you do not already have another mysqld process using the same InnoDB data or log files.
2018-05-15 10:53:23 445 [ERROR] InnoDB: Unable to lock ./ibdata1, error: 11
2018-05-15 10:53:23 445 [Note] InnoDB: Check that you do not already have another mysqld process using the same InnoDB data or log files.
2018-05-15 10:53:24 445 [ERROR] InnoDB: Unable to lock ./ibdata1, error: 11
2018-05-15 10:53:24 445 [Note] InnoDB: Check that you do not already have another mysqld process using the same InnoDB data or log files.
2018-05-15 10:53:25 445 [ERROR] InnoDB: Unable to lock ./ibdata1, error: 11
2018-05-15 10:53:25 445 [Note] InnoDB: Check that you do not already have another mysqld process using the same InnoDB data or log files.
2018-05-15 10:53:26 445 [ERROR] InnoDB: Unable to lock ./ibdata1, error: 11
2018-05-15 10:53:26 445 [Note] InnoDB: Check that you do not already have another mysqld process using the same InnoDB data or log files.
2018-05-15 10:53:27 445 [ERROR] InnoDB: Unable to lock ./ibdata1, error: 11
2018-05-15 10:53:27 445 [Note] InnoDB: Check that you do not already have another mysqld process using the same InnoDB data or log files.
2018-05-15 10:53:27 445 [Note] InnoDB: Unable to open the first data file
2018-05-15 10:53:27 7f2157f2c5c0  InnoDB: Operating system error number 11 in a file operation.
InnoDB: Error number 11 means 'Resource temporarily unavailable'.
InnoDB: Some operating system error numbers are described at
InnoDB: http://dev.mysql.com/doc/refman/5.6/en/operating-system-error-codes.html
2018-05-15 10:53:27 445 [ERROR] InnoDB: Can't open './ibdata1'
2018-05-15 10:53:27 445 [ERROR] InnoDB: Could not open or create the system tablespace. If you tried to add new data files to the system tablespace, and it failed here, you should now edit innodb_data_file_path in my.cnf back to what it was, and remove the new ibdata files InnoDB created in this failed attempt. InnoDB only wrote those files full of zeros, but did not yet use them in any way. But be careful: do not remove old data files which contain your precious data!
2018-05-15 10:53:27 445 [ERROR] Plugin 'InnoDB' init function returned error.
2018-05-15 10:53:27 445 [ERROR] Plugin 'InnoDB' registration as a STORAGE ENGINE failed.
2018-05-15 10:53:27 445 [ERROR] Unknown/unsupported storage engine: InnoDB
2018-05-15 10:53:27 445 [ERROR] Aborting

2018-05-15 10:53:27 445 [Note] Binlog end
2018-05-15 10:53:27 445 [Note] Shutting down plugin 'partition'
2018-05-15 10:53:27 445 [Note] Shutting down plugin 'PERFORMANCE_SCHEMA'
2018-05-15 10:53:27 445 [Note] Shutting down plugin 'INNODB_SYS_DATAFILES'
2018-05-15 10:53:27 445 [Note] Shutting down plugin 'INNODB_SYS_TABLESPACES'
2018-05-15 10:53:27 445 [Note] Shutting down plugin 'INNODB_SYS_FOREIGN_COLS'
2018-05-15 10:53:27 445 [Note] Shutting down plugin 'INNODB_SYS_FOREIGN'
2018-05-15 10:53:27 445 [Note] Shutting down plugin 'INNODB_SYS_FIELDS'
2018-05-15 10:53:27 445 [Note] Shutting down plugin 'INNODB_SYS_COLUMNS'
2018-05-15 10:53:27 445 [Note] Shutting down plugin 'INNODB_SYS_INDEXES'
2018-05-15 10:53:27 445 [Note] Shutting down plugin 'INNODB_SYS_TABLESTATS'
2018-05-15 10:53:27 445 [Note] Shutting down plugin 'INNODB_SYS_TABLES'
2018-05-15 10:53:27 445 [Note] Shutting down plugin 'INNODB_FT_INDEX_TABLE'
2018-05-15 10:53:27 445 [Note] Shutting down plugin 'INNODB_FT_INDEX_CACHE'
2018-05-15 10:53:27 445 [Note] Shutting down plugin 'INNODB_FT_CONFIG'
2018-05-15 10:53:27 445 [Note] Shutting down plugin 'INNODB_FT_BEING_DELETED'
2018-05-15 10:53:27 445 [Note] Shutting down plugin 'INNODB_FT_DELETED'
2018-05-15 10:53:27 445 [Note] Shutting down plugin 'INNODB_FT_DEFAULT_STOPWORD'
2018-05-15 10:53:27 445 [Note] Shutting down plugin 'INNODB_METRICS'
2018-05-15 10:53:27 445 [Note] Shutting down plugin 'INNODB_BUFFER_POOL_STATS'
2018-05-15 10:53:27 445 [Note] Shutting down plugin 'INNODB_BUFFER_PAGE_LRU'
2018-05-15 10:53:27 445 [Note] Shutting down plugin 'INNODB_BUFFER_PAGE'
2018-05-15 10:53:27 445 [Note] Shutting down plugin 'INNODB_CMP_PER_INDEX_RESET'
2018-05-15 10:53:27 445 [Note] Shutting down plugin 'INNODB_CMP_PER_INDEX'
2018-05-15 10:53:27 445 [Note] Shutting down plugin 'INNODB_CMPMEM_RESET'
2018-05-15 10:53:27 445 [Note] Shutting down plugin 'INNODB_CMPMEM'
2018-05-15 10:53:27 445 [Note] Shutting down plugin 'INNODB_CMP_RESET'
2018-05-15 10:53:27 445 [Note] Shutting down plugin 'INNODB_CMP'
2018-05-15 10:53:27 445 [Note] Shutting down plugin 'INNODB_LOCK_WAITS'
2018-05-15 10:53:27 445 [Note] Shutting down plugin 'INNODB_LOCKS'
2018-05-15 10:53:27 445 [Note] Shutting down plugin 'INNODB_TRX'
2018-05-15 10:53:27 445 [Note] Shutting down plugin 'BLACKHOLE'
2018-05-15 10:53:27 445 [Note] Shutting down plugin 'ARCHIVE'
2018-05-15 10:53:27 445 [Note] Shutting down plugin 'MRG_MYISAM'
2018-05-15 10:53:27 445 [Note] Shutting down plugin 'MyISAM'
2018-05-15 10:53:27 445 [Note] Shutting down plugin 'MEMORY'
2018-05-15 10:53:27 445 [Note] Shutting down plugin 'CSV'
2018-05-15 10:53:27 445 [Note] Shutting down plugin 'sha256_password'
2018-05-15 10:53:27 445 [Note] Shutting down plugin 'mysql_old_password'
2018-05-15 10:53:27 445 [Note] Shutting down plugin 'mysql_native_password'
2018-05-15 10:53:27 445 [Note] Shutting down plugin 'binlog'
2018-05-15 10:53:27 445 [Note] /usr/sbin/mysqld: Shutdown complete

2018-05-15 10:53:39 703 [Note] Plugin 'FEDERATED' is disabled.
2018-05-15 10:53:39 703 [Note] InnoDB: Using atomics to ref count buffer pool pages
2018-05-15 10:53:39 703 [Note] InnoDB: The InnoDB memory heap is disabled
2018-05-15 10:53:39 703 [Note] InnoDB: Mutexes and rw_locks use GCC atomic builtins
2018-05-15 10:53:39 703 [Note] InnoDB: Memory barrier is not used
2018-05-15 10:53:39 703 [Note] InnoDB: Compressed tables use zlib 1.2.3
2018-05-15 10:53:39 703 [Note] InnoDB: Using Linux native AIO
2018-05-15 10:53:39 703 [Note] InnoDB: Using CPU crc32 instructions
2018-05-15 10:53:39 703 [Note] InnoDB: Initializing buffer pool, size = 128.0M
2018-05-15 10:53:39 703 [Note] InnoDB: Completed initialization of buffer pool
2018-05-15 10:53:39 703 [ERROR] InnoDB: Unable to lock ./ibdata1, error: 11
2018-05-15 10:53:39 703 [Note] InnoDB: Check that you do not already have another mysqld process using the same InnoDB data or log files.
2018-05-15 10:53:39 703 [Note] InnoDB: Retrying to lock the first data file
2018-05-15 10:53:40 703 [ERROR] InnoDB: Unable to lock ./ibdata1, error: 11
2018-05-15 10:53:40 703 [Note] InnoDB: Check that you do not already have another mysqld process using the same InnoDB data or log files.
2018-05-15 10:53:41 703 [ERROR] InnoDB: Unable to lock ./ibdata1, error: 11
2018-05-15 10:53:41 703 [Note] InnoDB: Check that you do not already have another mysqld process using the same InnoDB data or log files.
2018-05-15 10:53:42 703 [ERROR] InnoDB: Unable to lock ./ibdata1, error: 11
2018-05-15 10:53:42 703 [Note] InnoDB: Check that you do not already have another mysqld process using the same InnoDB data or log files.
2018-05-15 10:53:43 703 [ERROR] InnoDB: Unable to lock ./ibdata1, error: 11
2018-05-15 10:53:43 703 [Note] InnoDB: Check that you do not already have another mysqld process using the same InnoDB data or log files.
2018-05-15 10:53:44 703 [ERROR] InnoDB: Unable to lock ./ibdata1, error: 11
2018-05-15 10:53:44 703 [Note] InnoDB: Check that you do not already have another mysqld process using the same InnoDB data or log files.
2018-05-15 10:53:45 703 [ERROR] InnoDB: Unable to lock ./ibdata1, error: 11
2018-05-15 10:53:45 703 [Note] InnoDB: Check that you do not already have another mysqld process using the same InnoDB data or log files.
2018-05-15 10:53:46 703 [ERROR] InnoDB: Unable to lock ./ibdata1, error: 11
2018-05-15 10:53:46 703 [Note] InnoDB: Check that you do not already have another mysqld process using the same InnoDB data or log files.
2018-05-15 10:53:47 703 [ERROR] InnoDB: Unable to lock ./ibdata1, error: 11
2018-05-15 10:53:47 703 [Note] InnoDB: Check that you do not already have another mysqld process using the same InnoDB data or log files.
2018-05-15 10:53:48 703 [ERROR] InnoDB: Unable to lock ./ibdata1, error: 11
2018-05-15 10:53:48 703 [Note] InnoDB: Check that you do not already have another mysqld process using the same InnoDB data or log files.
2018-05-15 10:53:49 703 [ERROR] InnoDB: Unable to lock ./ibdata1, error: 11
2018-05-15 10:53:49 703 [Note] InnoDB: Check that you do not already have another mysqld process using the same InnoDB data or log files.
2018-05-15 10:53:50 703 [ERROR] InnoDB: Unable to lock ./ibdata1, error: 11
2018-05-15 10:53:50 703 [Note] InnoDB: Check that you do not already have another mysqld process using the same InnoDB data or log files.
2018-05-15 10:53:51 703 [ERROR] InnoDB: Unable to lock ./ibdata1, error: 11
2018-05-15 10:53:51 703 [Note] InnoDB: Check that you do not already have another mysqld process using the same InnoDB data or log files.
2018-05-15 10:53:52 703 [ERROR] InnoDB: Unable to lock ./ibdata1, error: 11
2018-05-15 10:53:52 703 [Note] InnoDB: Check that you do not already have another mysqld process using the same InnoDB data or log files.
2018-05-15 10:53:53 703 [ERROR] InnoDB: Unable to lock ./ibdata1, error: 11
2018-05-15 10:53:53 703 [Note] InnoDB: Check that you do not already have another mysqld process using the same InnoDB data or log files.
2018-05-15 10:53:54 703 [ERROR] InnoDB: Unable to lock ./ibdata1, error: 11
2018-05-15 10:53:54 703 [Note] InnoDB: Check that you do not already have another mysqld process using the same InnoDB data or log files.
2018-05-15 10:53:55 703 [ERROR] InnoDB: Unable to lock ./ibdata1, error: 11
2018-05-15 10:53:55 703 [Note] InnoDB: Check that you do not already have another mysqld process using the same InnoDB data or log files.
2018-05-15 10:53:56 703 [ERROR] InnoDB: Unable to lock ./ibdata1, error: 11
2018-05-15 10:53:56 703 [Note] InnoDB: Check that you do not already have another mysqld process using the same InnoDB data or log files.
2018-05-15 10:53:57 703 [ERROR] InnoDB: Unable to lock ./ibdata1, error: 11
2018-05-15 10:53:57 703 [Note] InnoDB: Check that you do not already have another mysqld process using the same InnoDB data or log files.
2018-05-15 10:53:58 703 [ERROR] InnoDB: Unable to lock ./ibdata1, error: 11
2018-05-15 10:53:58 703 [Note] InnoDB: Check that you do not already have another mysqld process using the same InnoDB data or log files.
2018-05-15 10:53:59 703 [ERROR] InnoDB: Unable to lock ./ibdata1, error: 11
2018-05-15 10:53:59 703 [Note] InnoDB: Check that you do not already have another mysqld process using the same InnoDB data or log files.
2018-05-15 10:54:00 703 [ERROR] InnoDB: Unable to lock ./ibdata1, error: 11
2018-05-15 10:54:00 703 [Note] InnoDB: Check that you do not already have another mysqld process using the same InnoDB data or log files.
2018-05-15 10:54:01 703 [ERROR] InnoDB: Unable to lock ./ibdata1, error: 11
2018-05-15 10:54:01 703 [Note] InnoDB: Check that you do not already have another mysqld process using the same InnoDB data or log files.
2018-05-15 10:54:02 703 [ERROR] InnoDB: Unable to lock ./ibdata1, error: 11
2018-05-15 10:54:02 703 [Note] InnoDB: Check that you do not already have another mysqld process using the same InnoDB data or log files.
2018-05-15 10:54:03 703 [ERROR] InnoDB: Unable to lock ./ibdata1, error: 11
2018-05-15 10:54:03 703 [Note] InnoDB: Check that you do not already have another mysqld process using the same InnoDB data or log files.
2018-05-15 10:54:04 703 [ERROR] InnoDB: Unable to lock ./ibdata1, error: 11
2018-05-15 10:54:04 703 [Note] InnoDB: Check that you do not already have another mysqld process using the same InnoDB data or log files.
2018-05-15 10:54:05 703 [ERROR] InnoDB: Unable to lock ./ibdata1, error: 11
2018-05-15 10:54:05 703 [Note] InnoDB: Check that you do not already have another mysqld process using the same InnoDB data or log files.
2018-05-15 10:54:06 703 [ERROR] InnoDB: Unable to lock ./ibdata1, error: 11
2018-05-15 10:54:06 703 [Note] InnoDB: Check that you do not already have another mysqld process using the same InnoDB data or log files.
2018-05-15 10:54:07 703 [ERROR] InnoDB: Unable to lock ./ibdata1, error: 11
2018-05-15 10:54:07 703 [Note] InnoDB: Check that you do not already have another mysqld process using the same InnoDB data or log files.
2018-05-15 10:54:08 703 [ERROR] InnoDB: Unable to lock ./ibdata1, error: 11
2018-05-15 10:54:08 703 [Note] InnoDB: Check that you do not already have another mysqld process using the same InnoDB data or log files.
2018-05-15 10:54:09 703 [ERROR] InnoDB: Unable to lock ./ibdata1, error: 11
2018-05-15 10:54:09 703 [Note] InnoDB: Check that you do not already have another mysqld process using the same InnoDB data or log files.
2018-05-15 10:54:10 703 [ERROR] InnoDB: Unable to lock ./ibdata1, error: 11
2018-05-15 10:54:10 703 [Note] InnoDB: Check that you do not already have another mysqld process using the same InnoDB data or log files.
2018-05-15 10:54:11 703 [ERROR] InnoDB: Unable to lock ./ibdata1, error: 11
2018-05-15 10:54:11 703 [Note] InnoDB: Check that you do not already have another mysqld process using the same InnoDB data or log files.
2018-05-15 10:54:12 703 [ERROR] InnoDB: Unable to lock ./ibdata1, error: 11
2018-05-15 10:54:12 703 [Note] InnoDB: Check that you do not already have another mysqld process using the same InnoDB data or log files.
2018-05-15 10:54:13 703 [ERROR] InnoDB: Unable to lock ./ibdata1, error: 11
2018-05-15 10:54:13 703 [Note] InnoDB: Check that you do not already have another mysqld process using the same InnoDB data or log files.
2018-05-15 10:54:14 703 [ERROR] InnoDB: Unable to lock ./ibdata1, error: 11
2018-05-15 10:54:14 703 [Note] InnoDB: Check that you do not already have another mysqld process using the same InnoDB data or log files.
2018-05-15 10:54:15 703 [ERROR] InnoDB: Unable to lock ./ibdata1, error: 11
2018-05-15 10:54:15 703 [Note] InnoDB: Check that you do not already have another mysqld process using the same InnoDB data or log files.
2018-05-15 10:54:16 703 [ERROR] InnoDB: Unable to lock ./ibdata1, error: 11
2018-05-15 10:54:16 703 [Note] InnoDB: Check that you do not already have another mysqld process using the same InnoDB data or log files.
2018-05-15 10:54:17 703 [ERROR] InnoDB: Unable to lock ./ibdata1, error: 11
2018-05-15 10:54:17 703 [Note] InnoDB: Check that you do not already have another mysqld process using the same InnoDB data or log files.
2018-05-15 10:54:18 703 [ERROR] InnoDB: Unable to lock ./ibdata1, error: 11
2018-05-15 10:54:18 703 [Note] InnoDB: Check that you do not already have another mysqld process using the same InnoDB data or log files.
2018-05-15 10:54:19 703 [ERROR] InnoDB: Unable to lock ./ibdata1, error: 11
2018-05-15 10:54:19 703 [Note] InnoDB: Check that you do not already have another mysqld process using the same InnoDB data or log files.
2018-05-15 10:54:20 703 [ERROR] InnoDB: Unable to lock ./ibdata1, error: 11
2018-05-15 10:54:20 703 [Note] InnoDB: Check that you do not already have another mysqld process using the same InnoDB data or log files.
2018-05-15 10:54:21 703 [ERROR] InnoDB: Unable to lock ./ibdata1, error: 11
2018-05-15 10:54:21 703 [Note] InnoDB: Check that you do not already have another mysqld process using the same InnoDB data or log files.
2018-05-15 10:54:22 703 [ERROR] InnoDB: Unable to lock ./ibdata1, error: 11
2018-05-15 10:54:22 703 [Note] InnoDB: Check that you do not already have another mysqld process using the same InnoDB data or log files.
2018-05-15 10:54:23 703 [ERROR] InnoDB: Unable to lock ./ibdata1, error: 11
2018-05-15 10:54:23 703 [Note] InnoDB: Check that you do not already have another mysqld process using the same InnoDB data or log files.
2018-05-15 10:54:24 703 [ERROR] InnoDB: Unable to lock ./ibdata1, error: 11
2018-05-15 10:54:24 703 [Note] InnoDB: Check that you do not already have another mysqld process using the same InnoDB data or log files.
2018-05-15 10:54:25 703 [ERROR] InnoDB: Unable to lock ./ibdata1, error: 11
2018-05-15 10:54:25 703 [Note] InnoDB: Check that you do not already have another mysqld process using the same InnoDB data or log files.
2018-05-15 10:54:26 703 [ERROR] InnoDB: Unable to lock ./ibdata1, error: 11
2018-05-15 10:54:26 703 [Note] InnoDB: Check that you do not already have another mysqld process using the same InnoDB data or log files.
2018-05-15 10:54:27 703 [ERROR] InnoDB: Unable to lock ./ibdata1, error: 11
2018-05-15 10:54:27 703 [Note] InnoDB: Check that you do not already have another mysqld process using the same InnoDB data or log files.
2018-05-15 10:54:28 703 [ERROR] InnoDB: Unable to lock ./ibdata1, error: 11
2018-05-15 10:54:28 703 [Note] InnoDB: Check that you do not already have another mysqld process using the same InnoDB data or log files.
2018-05-15 10:54:29 703 [ERROR] InnoDB: Unable to lock ./ibdata1, error: 11
2018-05-15 10:54:29 703 [Note] InnoDB: Check that you do not already have another mysqld process using the same InnoDB data or log files.
2018-05-15 10:54:30 703 [Note] InnoDB: Highest supported file format is Barracuda.
2018-05-15 10:54:30 703 [Note] InnoDB: 128 rollback segment(s) are active.
2018-05-15 10:54:30 703 [Note] InnoDB: Waiting for purge to start
2018-05-15 10:54:30 703 [Note] InnoDB: 5.6.40 started; log sequence number 1626027
2018-05-15 10:54:30 703 [Note] Server hostname (bind-address): '*'; port: 3306
2018-05-15 10:54:30 703 [Note] IPv6 is available.
2018-05-15 10:54:30 703 [Note]   - '::' resolves to '::';
2018-05-15 10:54:30 703 [Note] Server socket created on IP: '::'.
2018-05-15 10:54:30 703 [Warning] Insecure configuration for --pid-file: Location '/var/run/mysqld' in the path is accessible to all OS users. Consider choosing a different directory.
2018-05-15 10:54:30 703 [Note] /usr/sbin/mysqld: ready for connections.
Version: '5.6.40'  socket: '/var/run/mysqld/mysqld.sock'  port: 3306  MySQL Community Server (GPL)
